  ChildFrm.cpp
f:\000数据结构大作业\大作业\源代码\stdafx.h(23): fatal error C1083: 无法打开包括文件: “afxwin.h”: No such file or directory
  DlgBar.cpp
f:\000数据结构大作业\大作业\源代码\stdafx.h(23): fatal error C1083: 无法打开包括文件: “afxwin.h”: No such file or directory
  GridCell.cpp
f:\000数据结构大作业\大作业\源代码\stdafx.h(23): fatal error C1083: 无法打开包括文件: “afxwin.h”: No such file or directory
  GridCellBase.cpp
f:\000数据结构大作业\大作业\源代码\stdafx.h(23): fatal error C1083: 无法打开包括文件: “afxwin.h”: No such file or directory
  GridCtrl.cpp
f:\000数据结构大作业\大作业\源代码\gridctrl.cpp(7): error C2059: 语法错误:“/”
f:\000数据结构大作业\大作业\源代码\stdafx.h(23): fatal error C1083: 无法打开包括文件: “afxwin.h”: No such file or directory
  GridDropTarget.cpp
f:\000数据结构大作业\大作业\源代码\stdafx.h(23): fatal error C1083: 无法打开包括文件: “afxwin.h”: No such file or directory
  GV_ITEM_Serial.cpp
f:\000数据结构大作业\大作业\源代码\stdafx.h(23): fatal error C1083: 无法打开包括文件: “afxwin.h”: No such file or directory
  InPlaceEdit.cpp
f:\000数据结构大作业\大作业\源代码\stdafx.h(23): fatal error C1083: 无法打开包括文件: “afxwin.h”: No such file or directory
  MainFrm.cpp
f:\000数据结构大作业\大作业\源代码\stdafx.h(23): fatal error C1083: 无法打开包括文件: “afxwin.h”: No such file or directory
  stdafx.cpp
f:\000数据结构大作业\大作业\源代码\stdafx.h(23): fatal error C1083: 无法打开包括文件: “afxwin.h”: No such file or directory
  Table.cpp
f:\000数据结构大作业\大作业\源代码\stdafx.h(23): fatal error C1083: 无法打开包括文件: “afxwin.h”: No such file or directory
  TableDoc.cpp
f:\000数据结构大作业\大作业\源代码\stdafx.h(23): fatal error C1083: 无法打开包括文件: “afxwin.h”: No such file or directory
  TableView.cpp
f:\000数据结构大作业\大作业\源代码\stdafx.h(23): fatal error C1083: 无法打开包括文件: “afxwin.h”: No such file or directory
  TitleTip.cpp
f:\000数据结构大作业\大作业\源代码\stdafx.h(23): fatal error C1083: 无法打开包括文件: “afxwin.h”: No such file or directory
  UpperCase.cpp
f:\000数据结构大作业\大作业\源代码\stdafx.h(23): fatal error C1083: 无法打开包括文件: “afxwin.h”: No such file or directory
  正在生成代码...
